This file contains any messages produced by compilers while
running configure, to aid debugging if configure makes a mistake.

It was created by ffabi configure 0, which was
generated by GNU Autoconf 2.69.  Invocation command line was

  $ ./configure 

## --------- ##
## Platform. ##
## --------- ##

hostname = 1404
uname -m = x86_64
uname -r = 4.2.0-34-generic
uname -s = Linux
uname -v = #39~14.04.1-Ubuntu SMP Fri Mar 11 11:38:02 UTC 2016

/usr/bin/uname -p = unknown
/bin/uname -X     = unknown

/bin/arch              = unknown
/usr/bin/arch -k       = unknown
/usr/convex/getsysinfo = unknown
/usr/bin/hostinfo      = unknown
/bin/machine           = unknown
/usr/bin/oslevel       = unknown
/bin/universe          = unknown

PATH: /usr/local/sbin
PATH: /usr/local/bin
PATH: /usr/sbin
PATH: /usr/bin
PATH: /sbin
PATH: /bin
PATH: /usr/games
PATH: /usr/local/games


## ----------- ##
## Core tests. ##
## ----------- ##

configure:2570: checking build system type
configure:2584: result: x86_64-unknown-linux-gnu
configure:2604: checking host system type
configure:2617: result: x86_64-unknown-linux-gnu
configure:2637: checking target system type
configure:2650: result: x86_64-unknown-linux-gnu
configure:2746: checking for gcc
configure:2762: found /usr/bin/gcc
configure:2773: result: gcc
configure:3002: checking for C compiler version
configure:3011: gcc --version >&5
gcc (Ubuntu 4.8.4-2ubuntu1~14.04.1) 4.8.4
Copyright (C) 2013 Free Software Foundation, Inc.
This is free software; see the source for copying conditions.  There is NO
warranty; not even for MERCHANTABILITY or FITNESS FOR A PARTICULAR PURPOSE.

configure:3022: $? = 0
configure:3011: gcc -v >&5
Using built-in specs.
COLLECT_GCC=gcc
COLLECT_LTO_WRAPPER=/usr/lib/gcc/x86_64-linux-gnu/4.8/lto-wrapper
Target: x86_64-linux-gnu
Configured with: ../src/configure -v --with-pkgversion='Ubuntu 4.8.4-2ubuntu1~14.04.1' --with-bugurl=file:///usr/share/doc/gcc-4.8/README.Bugs --enable-languages=c,c++,java,go,d,fortran,objc,obj-c++ --prefix=/usr --program-suffix=-4.8 --enable-shared --enable-linker-build-id --libexecdir=/usr/lib --without-included-gettext --enable-threads=posix --with-gxx-include-dir=/usr/include/c++/4.8 --libdir=/usr/lib --enable-nls --with-sysroot=/ --enable-clocale=gnu --enable-libstdcxx-debug --enable-libstdcxx-time=yes --enable-gnu-unique-object --disable-libmudflap --enable-plugin --with-system-zlib --disable-browser-plugin --enable-java-awt=gtk --enable-gtk-cairo --with-java-home=/usr/lib/jvm/java-1.5.0-gcj-4.8-amd64/jre --enable-java-home --with-jvm-root-dir=/usr/lib/jvm/java-1.5.0-gcj-4.8-amd64 --with-jvm-jar-dir=/usr/lib/jvm-exports/java-1.5.0-gcj-4.8-amd64 --with-arch-directory=amd64 --with-ecj-jar=/usr/share/java/eclipse-ecj.jar --enable-objc-gc --enable-multiarch --disable-werror --with-arch-32=i686 --with-abi=m64 --with-multilib-list=m32,m64,mx32 --with-tune=generic --enable-checking=release --build=x86_64-linux-gnu --host=x86_64-linux-gnu --target=x86_64-linux-gnu
Thread model: posix
gcc version 4.8.4 (Ubuntu 4.8.4-2ubuntu1~14.04.1) 
configure:3022: $? = 0
configure:3011: gcc -V >&5
gcc: error: unrecognized command line option '-V'
gcc: fatal error: no input files
compilation terminated.
configure:3022: $? = 4
configure:3011: gcc -qversion >&5
gcc: error: unrecognized command line option '-qversion'
gcc: fatal error: no input files
compilation terminated.
configure:3022: $? = 4
configure:3042: checking whether the C compiler works
configure:3064: gcc    conftest.c  >&5
configure:3068: $? = 0
configure:3116: result: yes
configure:3119: checking for C compiler default output file name
configure:3121: result: a.out
configure:3127: checking for suffix of executables
configure:3134: gcc -o conftest    conftest.c  >&5
configure:3138: $? = 0
configure:3160: result: 
configure:3182: checking whether we are cross compiling
configure:3190: gcc -o conftest    conftest.c  >&5
configure:3194: $? = 0
configure:3201: ./conftest
configure:3205: $? = 0
configure:3220: result: no
configure:3225: checking for suffix of object files
configure:3247: gcc -c   conftest.c >&5
configure:3251: $? = 0
configure:3272: result: o
configure:3276: checking whether we are using the GNU C compiler
configure:3295: gcc -c   conftest.c >&5
configure:3295: $? = 0
configure:3304: result: yes
configure:3313: checking whether gcc accepts -g
configure:3333: gcc -c -g  conftest.c >&5
configure:3333: $? = 0
configure:3374: result: yes
configure:3391: checking for gcc option to accept ISO C89
configure:3454: gcc  -c -g -O2  conftest.c >&5
configure:3454: $? = 0
configure:3467: result: none needed
configure:3545: checking for g++
configure:3561: found /usr/bin/g++
configure:3572: result: g++
configure:3599: checking for C++ compiler version
configure:3608: g++ --version >&5
g++ (Ubuntu 4.8.4-2ubuntu1~14.04.1) 4.8.4
Copyright (C) 2013 Free Software Foundation, Inc.
This is free software; see the source for copying conditions.  There is NO
warranty; not even for MERCHANTABILITY or FITNESS FOR A PARTICULAR PURPOSE.

configure:3619: $? = 0
configure:3608: g++ -v >&5
Using built-in specs.
COLLECT_GCC=g++
COLLECT_LTO_WRAPPER=/usr/lib/gcc/x86_64-linux-gnu/4.8/lto-wrapper
Target: x86_64-linux-gnu
Configured with: ../src/configure -v --with-pkgversion='Ubuntu 4.8.4-2ubuntu1~14.04.1' --with-bugurl=file:///usr/share/doc/gcc-4.8/README.Bugs --enable-languages=c,c++,java,go,d,fortran,objc,obj-c++ --prefix=/usr --program-suffix=-4.8 --enable-shared --enable-linker-build-id --libexecdir=/usr/lib --without-included-gettext --enable-threads=posix --with-gxx-include-dir=/usr/include/c++/4.8 --libdir=/usr/lib --enable-nls --with-sysroot=/ --enable-clocale=gnu --enable-libstdcxx-debug --enable-libstdcxx-time=yes --enable-gnu-unique-object --disable-libmudflap --enable-plugin --with-system-zlib --disable-browser-plugin --enable-java-awt=gtk --enable-gtk-cairo --with-java-home=/usr/lib/jvm/java-1.5.0-gcj-4.8-amd64/jre --enable-java-home --with-jvm-root-dir=/usr/lib/jvm/java-1.5.0-gcj-4.8-amd64 --with-jvm-jar-dir=/usr/lib/jvm-exports/java-1.5.0-gcj-4.8-amd64 --with-arch-directory=amd64 --with-ecj-jar=/usr/share/java/eclipse-ecj.jar --enable-objc-gc --enable-multiarch --disable-werror --with-arch-32=i686 --with-abi=m64 --with-multilib-list=m32,m64,mx32 --with-tune=generic --enable-checking=release --build=x86_64-linux-gnu --host=x86_64-linux-gnu --target=x86_64-linux-gnu
Thread model: posix
gcc version 4.8.4 (Ubuntu 4.8.4-2ubuntu1~14.04.1) 
configure:3619: $? = 0
configure:3608: g++ -V >&5
g++: error: unrecognized command line option '-V'
g++: fatal error: no input files
compilation terminated.
configure:3619: $? = 4
configure:3608: g++ -qversion >&5
g++: error: unrecognized command line option '-qversion'
g++: fatal error: no input files
compilation terminated.
configure:3619: $? = 4
configure:3623: checking whether we are using the GNU C++ compiler
configure:3642: g++ -c   conftest.cpp >&5
configure:3642: $? = 0
configure:3651: result: yes
configure:3660: checking whether g++ accepts -g
configure:3680: g++ -c -g  conftest.cpp >&5
configure:3680: $? = 0
configure:3721: result: yes
configure:3746: checking for -objcopy
configure:3776: result: no
configure:3786: checking for objcopy
configure:3802: found /usr/bin/objcopy
configure:3814: result: objcopy
configure:3831: checking for -ld
configure:3861: result: no
configure:3871: checking for ld
configure:3887: found /usr/bin/ld
configure:3899: result: ld
configure:3930: checking for a BSD-compatible install
configure:3998: result: /usr/bin/install -c
configure:4021: checking how to run the C preprocessor
configure:4052: gcc -E  conftest.c
configure:4052: $? = 0
configure:4066: gcc -E  conftest.c
conftest.c:9:28: fatal error: ac_nonexistent.h: No such file or directory
 #include <ac_nonexistent.h>
                            ^
compilation terminated.
configure:4066: $? = 1
configure: failed program was:
| /* confdefs.h */
| #define PACKAGE_NAME "ffabi"
| #define PACKAGE_TARNAME "ffabi"
| #define PACKAGE_VERSION "0"
| #define PACKAGE_STRING "ffabi 0"
| #define PACKAGE_BUGREPORT ""
| #define PACKAGE_URL ""
| /* end confdefs.h.  */
| #include <ac_nonexistent.h>
configure:4091: result: gcc -E
configure:4111: gcc -E  conftest.c
configure:4111: $? = 0
configure:4125: gcc -E  conftest.c
conftest.c:9:28: fatal error: ac_nonexistent.h: No such file or directory
 #include <ac_nonexistent.h>
                            ^
compilation terminated.
configure:4125: $? = 1
configure: failed program was:
| /* confdefs.h */
| #define PACKAGE_NAME "ffabi"
| #define PACKAGE_TARNAME "ffabi"
| #define PACKAGE_VERSION "0"
| #define PACKAGE_STRING "ffabi 0"
| #define PACKAGE_BUGREPORT ""
| #define PACKAGE_URL ""
| /* end confdefs.h.  */
| #include <ac_nonexistent.h>
configure:4154: checking for grep that handles long lines and -e
configure:4212: result: /bin/grep
configure:4217: checking for egrep
configure:4279: result: /bin/grep -E
configure:4284: checking for ANSI C header files
configure:4304: gcc -c -g -O2  conftest.c >&5
configure:4304: $? = 0
configure:4377: gcc -o conftest -g -O2   conftest.c  >&5
configure:4377: $? = 0
configure:4377: ./conftest
configure:4377: $? = 0
configure:4388: result: yes
configure:4401: checking for sys/types.h
configure:4401: gcc -c -g -O2  conftest.c >&5
configure:4401: $? = 0
configure:4401: result: yes
configure:4401: checking for sys/stat.h
configure:4401: gcc -c -g -O2  conftest.c >&5
configure:4401: $? = 0
configure:4401: result: yes
configure:4401: checking for stdlib.h
configure:4401: gcc -c -g -O2  conftest.c >&5
configure:4401: $? = 0
configure:4401: result: yes
configure:4401: checking for string.h
configure:4401: gcc -c -g -O2  conftest.c >&5
configure:4401: $? = 0
configure:4401: result: yes
configure:4401: checking for memory.h
configure:4401: gcc -c -g -O2  conftest.c >&5
configure:4401: $? = 0
configure:4401: result: yes
configure:4401: checking for strings.h
configure:4401: gcc -c -g -O2  conftest.c >&5
configure:4401: $? = 0
configure:4401: result: yes
configure:4401: checking for inttypes.h
configure:4401: gcc -c -g -O2  conftest.c >&5
configure:4401: $? = 0
configure:4401: result: yes
configure:4401: checking for stdint.h
configure:4401: gcc -c -g -O2  conftest.c >&5
configure:4401: $? = 0
configure:4401: result: yes
configure:4401: checking for unistd.h
configure:4401: gcc -c -g -O2  conftest.c >&5
configure:4401: $? = 0
configure:4401: result: yes
configure:4415: checking zlib.h usability
configure:4415: gcc -c -g -O2  conftest.c >&5
configure:4415: $? = 0
configure:4415: result: yes
configure:4415: checking zlib.h presence
configure:4415: gcc -E  conftest.c
configure:4415: $? = 0
configure:4415: result: yes
configure:4415: checking for zlib.h
configure:4415: result: yes
configure:4432: checking for compress2 in -lz
configure:4457: gcc -o conftest -g -O2   conftest.c -lz   >&5
configure:4457: $? = 0
configure:4466: result: yes
configure:4488: checking openssl/opensslconf.h usability
configure:4488: gcc -c -g -O2  conftest.c >&5
configure:4488: $? = 0
configure:4488: result: yes
configure:4488: checking openssl/opensslconf.h presence
configure:4488: gcc -E  conftest.c
configure:4488: $? = 0
configure:4488: result: yes
configure:4488: checking for openssl/opensslconf.h
configure:4488: result: yes
configure:4505: checking for AES_encrypt in -lcrypto
configure:4530: gcc -o conftest -g -O2   conftest.c -lcrypto  -lz  >&5
configure:4530: $? = 0
configure:4539: result: yes
configure:4561: checking expat.h usability
configure:4561: gcc -c -g -O2  conftest.c >&5
configure:4561: $? = 0
configure:4561: result: yes
configure:4561: checking expat.h presence
configure:4561: gcc -E  conftest.c
configure:4561: $? = 0
configure:4561: result: yes
configure:4561: checking for expat.h
configure:4561: result: yes
configure:4578: checking for XML_ParserCreate in -lexpat
configure:4603: gcc -o conftest -g -O2   conftest.c -lexpat  -lcrypto -lz  >&5
configure:4603: $? = 0
configure:4612: result: yes
configure:4686: checking for pkg-config
configure:4704: found /usr/bin/pkg-config
configure:4716: result: /usr/bin/pkg-config
configure:4741: checking pkg-config is at least version 0.9.0
configure:4744: result: yes
configure:4754: checking for ffmpeg
configure:4761: $PKG_CONFIG --exists --print-errors "libavcodec libavutil"
configure:4764: $? = 0
configure:4778: $PKG_CONFIG --exists --print-errors "libavcodec libavutil"
configure:4781: $? = 0
configure:4819: result: yes
configure:4828: checking whether LIBAVCODEC_VERSION_MAJOR is declared
configure:4828: gcc -c -g -O2    conftest.c >&5
configure:4828: $? = 0
configure:4828: result: yes
configure:4842: checking LIBAVCODEC_VERSION_MAJOR
configure:4844: gcc -o conftest -g -O2     conftest.c -lexpat -lcrypto -lz  -lavcodec -lavutil   -lrt >&5
configure:4844: $? = 0
configure:4844: ./conftest
configure:4844: $? = 0
configure:4859: result: 54
configure:4863: checking for AVFrame.nb_samples
configure:4863: gcc -c -g -O2    conftest.c >&5
configure:4863: $? = 0
configure:4863: result: yes
configure:4875: checking whether AV_SAMPLE_FMT_U8P is declared
configure:4875: gcc -c -g -O2    conftest.c >&5
configure:4875: $? = 0
configure:4875: result: yes
configure:4887: checking for avcodec_encode_audio2
configure:4887: gcc -o conftest -g -O2     conftest.c -lexpat -lcrypto -lz  -lavcodec -lavutil   -lrt >&5
configure:4887: $? = 0
configure:4887: result: yes
configure:4902: checking for AVCodecContext.refcounted_frames
configure:4902: gcc -c -g -O2    conftest.c >&5
conftest.c: In function 'main':
conftest.c:31:12: error: 'AVCodecContext' has no member named 'refcounted_frames'
 if (ac_aggr.refcounted_frames)
            ^
configure:4902: $? = 1
configure: failed program was:
| /* confdefs.h */
| #define PACKAGE_NAME "ffabi"
| #define PACKAGE_TARNAME "ffabi"
| #define PACKAGE_VERSION "0"
| #define PACKAGE_STRING "ffabi 0"
| #define PACKAGE_BUGREPORT ""
| #define PACKAGE_URL ""
| #define STDC_HEADERS 1
| #define HAVE_SYS_TYPES_H 1
| #define HAVE_SYS_STAT_H 1
| #define HAVE_STDLIB_H 1
| #define HAVE_STRING_H 1
| #define HAVE_MEMORY_H 1
| #define HAVE_STRINGS_H 1
| #define HAVE_INTTYPES_H 1
| #define HAVE_STDINT_H 1
| #define HAVE_UNISTD_H 1
| #define HAVE_ZLIB_H 1
| #define HAVE_LIBZ 1
| #define HAVE_OPENSSL_OPENSSLCONF_H 1
| #define HAVE_LIBCRYPTO 1
| #define HAVE_EXPAT_H 1
| #define HAVE_LIBEXPAT 1
| /* end confdefs.h.  */
| #include <libavcodec/avcodec.h>
| 
| int
| main ()
| {
| static AVCodecContext ac_aggr;
| if (ac_aggr.refcounted_frames)
| return 0;
|   ;
|   return 0;
| }
configure:4902: gcc -c -g -O2    conftest.c >&5
conftest.c: In function 'main':
conftest.c:31:19: error: 'AVCodecContext' has no member named 'refcounted_frames'
 if (sizeof ac_aggr.refcounted_frames)
                   ^
configure:4902: $? = 1
configure: failed program was:
| /* confdefs.h */
| #define PACKAGE_NAME "ffabi"
| #define PACKAGE_TARNAME "ffabi"
| #define PACKAGE_VERSION "0"
| #define PACKAGE_STRING "ffabi 0"
| #define PACKAGE_BUGREPORT ""
| #define PACKAGE_URL ""
| #define STDC_HEADERS 1
| #define HAVE_SYS_TYPES_H 1
| #define HAVE_SYS_STAT_H 1
| #define HAVE_STDLIB_H 1
| #define HAVE_STRING_H 1
| #define HAVE_MEMORY_H 1
| #define HAVE_STRINGS_H 1
| #define HAVE_INTTYPES_H 1
| #define HAVE_STDINT_H 1
| #define HAVE_UNISTD_H 1
| #define HAVE_ZLIB_H 1
| #define HAVE_LIBZ 1
| #define HAVE_OPENSSL_OPENSSLCONF_H 1
| #define HAVE_LIBCRYPTO 1
| #define HAVE_EXPAT_H 1
| #define HAVE_LIBEXPAT 1
| /* end confdefs.h.  */
| #include <libavcodec/avcodec.h>
| 
| int
| main ()
| {
| static AVCodecContext ac_aggr;
| if (sizeof ac_aggr.refcounted_frames)
| return 0;
|   ;
|   return 0;
| }
configure:4902: result: no
configure:4913: checking whether avcodec_free_frame is declared
configure:4913: gcc -c -g -O2    conftest.c >&5
configure:4913: $? = 0
configure:4913: result: yes
configure:4924: checking whether av_frame_free is declared
configure:4924: gcc -c -g -O2    conftest.c >&5
conftest.c:26:29: fatal error: libavutil/frame.h: No such file or directory
 #include <libavutil/frame.h>
                             ^
compilation terminated.
configure:4924: $? = 1
configure: failed program was:
| /* confdefs.h */
| #define PACKAGE_NAME "ffabi"
| #define PACKAGE_TARNAME "ffabi"
| #define PACKAGE_VERSION "0"
| #define PACKAGE_STRING "ffabi 0"
| #define PACKAGE_BUGREPORT ""
| #define PACKAGE_URL ""
| #define STDC_HEADERS 1
| #define HAVE_SYS_TYPES_H 1
| #define HAVE_SYS_STAT_H 1
| #define HAVE_STDLIB_H 1
| #define HAVE_STRING_H 1
| #define HAVE_MEMORY_H 1
| #define HAVE_STRINGS_H 1
| #define HAVE_INTTYPES_H 1
| #define HAVE_STDINT_H 1
| #define HAVE_UNISTD_H 1
| #define HAVE_ZLIB_H 1
| #define HAVE_LIBZ 1
| #define HAVE_OPENSSL_OPENSSLCONF_H 1
| #define HAVE_LIBCRYPTO 1
| #define HAVE_EXPAT_H 1
| #define HAVE_LIBEXPAT 1
| #define FFABI_HAVE_AVCODEC_FREE_FRAME 1
| /* end confdefs.h.  */
| #include <libavutil/frame.h>
| 
| int
| main ()
| {
| #ifndef av_frame_free
| #ifdef __cplusplus
|   (void) av_frame_free;
| #else
|   (void) av_frame_free;
| #endif
| #endif
| 
|   ;
|   return 0;
| }
configure:4924: result: no
configure:4935: checking for av_log_format_line
configure:4935: gcc -o conftest -g -O2     conftest.c -lexpat -lcrypto -lz  -lavcodec -lavutil   -lrt >&5
/tmp/ccE450a1.o: In function `main':
/home/jsears/GIT_REPOS/makemkv/makemkv-oss-1.9.9/conftest.c:60: undefined reference to `av_log_format_line'
collect2: error: ld returned 1 exit status
configure:4935: $? = 1
configure: failed program was:
| /* confdefs.h */
| #define PACKAGE_NAME "ffabi"
| #define PACKAGE_TARNAME "ffabi"
| #define PACKAGE_VERSION "0"
| #define PACKAGE_STRING "ffabi 0"
| #define PACKAGE_BUGREPORT ""
| #define PACKAGE_URL ""
| #define STDC_HEADERS 1
| #define HAVE_SYS_TYPES_H 1
| #define HAVE_SYS_STAT_H 1
| #define HAVE_STDLIB_H 1
| #define HAVE_STRING_H 1
| #define HAVE_MEMORY_H 1
| #define HAVE_STRINGS_H 1
| #define HAVE_INTTYPES_H 1
| #define HAVE_STDINT_H 1
| #define HAVE_UNISTD_H 1
| #define HAVE_ZLIB_H 1
| #define HAVE_LIBZ 1
| #define HAVE_OPENSSL_OPENSSLCONF_H 1
| #define HAVE_LIBCRYPTO 1
| #define HAVE_EXPAT_H 1
| #define HAVE_LIBEXPAT 1
| #define FFABI_HAVE_AVCODEC_FREE_FRAME 1
| /* end confdefs.h.  */
| /* Define av_log_format_line to an innocuous variant, in case <limits.h> declares av_log_format_line.
|    For example, HP-UX 11i <limits.h> declares gettimeofday.  */
| #define av_log_format_line innocuous_av_log_format_line
| 
| /* System header to define __stub macros and hopefully few prototypes,
|     which can conflict with char av_log_format_line (); below.
|     Prefer <limits.h> to <assert.h> if __STDC__ is defined, since
|     <limits.h> exists even on freestanding compilers.  */
| 
| #ifdef __STDC__
| # include <limits.h>
| #else
| # include <assert.h>
| #endif
| 
| #undef av_log_format_line
| 
| /* Override any GCC internal prototype to avoid an error.
|    Use char because int might match the return type of a GCC
|    builtin and then its argument prototype would still apply.  */
| #ifdef __cplusplus
| extern "C"
| #endif
| char av_log_format_line ();
| /* The GNU C library defines this for functions which it implements
|     to always fail with ENOSYS.  Some functions are actually named
|     something starting with __ and the normal name is an alias.  */
| #if defined __stub_av_log_format_line || defined __stub___av_log_format_line
| choke me
| #endif
| 
| int
| main ()
| {
| return av_log_format_line ();
|   ;
|   return 0;
| }
configure:4935: result: no
configure:4945: checking for enum AVCodecID
configure:4945: gcc -c -g -O2    conftest.c >&5
configure:4945: $? = 0
configure:4945: gcc -c -g -O2    conftest.c >&5
conftest.c: In function 'main':
conftest.c:31:29: error: expected expression before ')' token
 if (sizeof ((enum AVCodecID)))
                             ^
configure:4945: $? = 1
configure: failed program was:
| /* confdefs.h */
| #define PACKAGE_NAME "ffabi"
| #define PACKAGE_TARNAME "ffabi"
| #define PACKAGE_VERSION "0"
| #define PACKAGE_STRING "ffabi 0"
| #define PACKAGE_BUGREPORT ""
| #define PACKAGE_URL ""
| #define STDC_HEADERS 1
| #define HAVE_SYS_TYPES_H 1
| #define HAVE_SYS_STAT_H 1
| #define HAVE_STDLIB_H 1
| #define HAVE_STRING_H 1
| #define HAVE_MEMORY_H 1
| #define HAVE_STRINGS_H 1
| #define HAVE_INTTYPES_H 1
| #define HAVE_STDINT_H 1
| #define HAVE_UNISTD_H 1
| #define HAVE_ZLIB_H 1
| #define HAVE_LIBZ 1
| #define HAVE_OPENSSL_OPENSSLCONF_H 1
| #define HAVE_LIBCRYPTO 1
| #define HAVE_EXPAT_H 1
| #define HAVE_LIBEXPAT 1
| #define FFABI_HAVE_AVCODEC_FREE_FRAME 1
| /* end confdefs.h.  */
| #include <libavcodec/avcodec.h>
| 
| int
| main ()
| {
| if (sizeof ((enum AVCodecID)))
| 	    return 0;
|   ;
|   return 0;
| }
configure:4945: result: yes
configure:4969: checking whether AV_CODEC_ID_NONE is declared
configure:4969: gcc -c -g -O2    conftest.c >&5
configure:4969: $? = 0
configure:4969: result: yes
configure:4993: checking whether av_frame_get_channels is declared
configure:4993: gcc -c -g -O2    conftest.c >&5
conftest.c: In function 'main':
conftest.c:37:10: error: 'av_frame_get_channels' undeclared (first use in this function)
   (void) av_frame_get_channels;
          ^
conftest.c:37:10: note: each undeclared identifier is reported only once for each function it appears in
configure:4993: $? = 1
configure: failed program was:
| /* confdefs.h */
| #define PACKAGE_NAME "ffabi"
| #define PACKAGE_TARNAME "ffabi"
| #define PACKAGE_VERSION "0"
| #define PACKAGE_STRING "ffabi 0"
| #define PACKAGE_BUGREPORT ""
| #define PACKAGE_URL ""
| #define STDC_HEADERS 1
| #define HAVE_SYS_TYPES_H 1
| #define HAVE_SYS_STAT_H 1
| #define HAVE_STDLIB_H 1
| #define HAVE_STRING_H 1
| #define HAVE_MEMORY_H 1
| #define HAVE_STRINGS_H 1
| #define HAVE_INTTYPES_H 1
| #define HAVE_STDINT_H 1
| #define HAVE_UNISTD_H 1
| #define HAVE_ZLIB_H 1
| #define HAVE_LIBZ 1
| #define HAVE_OPENSSL_OPENSSLCONF_H 1
| #define HAVE_LIBCRYPTO 1
| #define HAVE_EXPAT_H 1
| #define HAVE_LIBEXPAT 1
| #define FFABI_HAVE_AVCODEC_FREE_FRAME 1
| #define FFABI_HAVE_AVCODECID 1
| #define FFABI_HAVE_AV_CODEC_ID_NAMES 1
| /* end confdefs.h.  */
| #include <libavcodec/avcodec.h>
| 
| int
| main ()
| {
| #ifndef av_frame_get_channels
| #ifdef __cplusplus
|   (void) av_frame_get_channels;
| #else
|   (void) av_frame_get_channels;
| #endif
| #endif
| 
|   ;
|   return 0;
| }
configure:4993: result: no
configure:5004: checking whether av_frame_get_sample_rate is declared
configure:5004: gcc -c -g -O2    conftest.c >&5
conftest.c: In function 'main':
conftest.c:37:10: error: 'av_frame_get_sample_rate' undeclared (first use in this function)
   (void) av_frame_get_sample_rate;
          ^
conftest.c:37:10: note: each undeclared identifier is reported only once for each function it appears in
configure:5004: $? = 1
configure: failed program was:
| /* confdefs.h */
| #define PACKAGE_NAME "ffabi"
| #define PACKAGE_TARNAME "ffabi"
| #define PACKAGE_VERSION "0"
| #define PACKAGE_STRING "ffabi 0"
| #define PACKAGE_BUGREPORT ""
| #define PACKAGE_URL ""
| #define STDC_HEADERS 1
| #define HAVE_SYS_TYPES_H 1
| #define HAVE_SYS_STAT_H 1
| #define HAVE_STDLIB_H 1
| #define HAVE_STRING_H 1
| #define HAVE_MEMORY_H 1
| #define HAVE_STRINGS_H 1
| #define HAVE_INTTYPES_H 1
| #define HAVE_STDINT_H 1
| #define HAVE_UNISTD_H 1
| #define HAVE_ZLIB_H 1
| #define HAVE_LIBZ 1
| #define HAVE_OPENSSL_OPENSSLCONF_H 1
| #define HAVE_LIBCRYPTO 1
| #define HAVE_EXPAT_H 1
| #define HAVE_LIBEXPAT 1
| #define FFABI_HAVE_AVCODEC_FREE_FRAME 1
| #define FFABI_HAVE_AVCODECID 1
| #define FFABI_HAVE_AV_CODEC_ID_NAMES 1
| /* end confdefs.h.  */
| #include <libavcodec/avcodec.h>
| 
| int
| main ()
| {
| #ifndef av_frame_get_sample_rate
| #ifdef __cplusplus
|   (void) av_frame_get_sample_rate;
| #else
|   (void) av_frame_get_sample_rate;
| #endif
| #endif
| 
|   ;
|   return 0;
| }
configure:5004: result: no
configure:5015: checking whether av_frame_set_channel_layout is declared
configure:5015: gcc -c -g -O2    conftest.c >&5
conftest.c: In function 'main':
conftest.c:37:10: error: 'av_frame_set_channel_layout' undeclared (first use in this function)
   (void) av_frame_set_channel_layout;
          ^
conftest.c:37:10: note: each undeclared identifier is reported only once for each function it appears in
configure:5015: $? = 1
configure: failed program was:
| /* confdefs.h */
| #define PACKAGE_NAME "ffabi"
| #define PACKAGE_TARNAME "ffabi"
| #define PACKAGE_VERSION "0"
| #define PACKAGE_STRING "ffabi 0"
| #define PACKAGE_BUGREPORT ""
| #define PACKAGE_URL ""
| #define STDC_HEADERS 1
| #define HAVE_SYS_TYPES_H 1
| #define HAVE_SYS_STAT_H 1
| #define HAVE_STDLIB_H 1
| #define HAVE_STRING_H 1
| #define HAVE_MEMORY_H 1
| #define HAVE_STRINGS_H 1
| #define HAVE_INTTYPES_H 1
| #define HAVE_STDINT_H 1
| #define HAVE_UNISTD_H 1
| #define HAVE_ZLIB_H 1
| #define HAVE_LIBZ 1
| #define HAVE_OPENSSL_OPENSSLCONF_H 1
| #define HAVE_LIBCRYPTO 1
| #define HAVE_EXPAT_H 1
| #define HAVE_LIBEXPAT 1
| #define FFABI_HAVE_AVCODEC_FREE_FRAME 1
| #define FFABI_HAVE_AVCODECID 1
| #define FFABI_HAVE_AV_CODEC_ID_NAMES 1
| /* end confdefs.h.  */
| #include <libavcodec/avcodec.h>
| 
| int
| main ()
| {
| #ifndef av_frame_set_channel_layout
| #ifdef __cplusplus
|   (void) av_frame_set_channel_layout;
| #else
|   (void) av_frame_set_channel_layout;
| #endif
| #endif
| 
|   ;
|   return 0;
| }
configure:5015: result: no
configure:5026: checking for AVCodecParserContext.duration
configure:5026: gcc -c -g -O2    conftest.c >&5
configure:5026: $? = 0
configure:5026: result: yes
configure:5037: checking whether AV_CH_TOP_BACK_CENTER is declared
configure:5037: gcc -c -g -O2    conftest.c >&5
configure:5037: $? = 0
configure:5037: result: yes
configure:5052: checking for qt5
configure:5059: $PKG_CONFIG --exists --print-errors "Qt5Core Qt5Gui Qt5Widgets Qt5DBus"
Package Qt5Core was not found in the pkg-config search path.
Perhaps you should add the directory containing `Qt5Core.pc'
to the PKG_CONFIG_PATH environment variable
No package 'Qt5Core' found
Package Qt5Gui was not found in the pkg-config search path.
Perhaps you should add the directory containing `Qt5Gui.pc'
to the PKG_CONFIG_PATH environment variable
No package 'Qt5Gui' found
Package Qt5Widgets was not found in the pkg-config search path.
Perhaps you should add the directory containing `Qt5Widgets.pc'
to the PKG_CONFIG_PATH environment variable
No package 'Qt5Widgets' found
Package Qt5DBus was not found in the pkg-config search path.
Perhaps you should add the directory containing `Qt5DBus.pc'
to the PKG_CONFIG_PATH environment variable
No package 'Qt5DBus' found
configure:5062: $? = 1
configure:5076: $PKG_CONFIG --exists --print-errors "Qt5Core Qt5Gui Qt5Widgets Qt5DBus"
Package Qt5Core was not found in the pkg-config search path.
Perhaps you should add the directory containing `Qt5Core.pc'
to the PKG_CONFIG_PATH environment variable
No package 'Qt5Core' found
Package Qt5Gui was not found in the pkg-config search path.
Perhaps you should add the directory containing `Qt5Gui.pc'
to the PKG_CONFIG_PATH environment variable
No package 'Qt5Gui' found
Package Qt5Widgets was not found in the pkg-config search path.
Perhaps you should add the directory containing `Qt5Widgets.pc'
to the PKG_CONFIG_PATH environment variable
No package 'Qt5Widgets' found
Package Qt5DBus was not found in the pkg-config search path.
Perhaps you should add the directory containing `Qt5DBus.pc'
to the PKG_CONFIG_PATH environment variable
No package 'Qt5DBus' found
configure:5079: $? = 1
configure:5093: result: no
No package 'Qt5Core' found
No package 'Qt5Gui' found
No package 'Qt5Widgets' found
No package 'Qt5DBus' found
configure:5112: checking for qt4
configure:5119: $PKG_CONFIG --exists --print-errors "QtCore QtGui QtDBus"
configure:5122: $? = 0
configure:5136: $PKG_CONFIG --exists --print-errors "QtCore QtGui QtDBus"
configure:5139: $? = 0
configure:5181: result: yes
configure:5413: creating ./config.status

## ---------------------- ##
## Running config.status. ##
## ---------------------- ##

This file was extended by ffabi config.status 0, which was
generated by GNU Autoconf 2.69.  Invocation command line was

  CONFIG_FILES    = 
  CONFIG_HEADERS  = 
  CONFIG_LINKS    = 
  CONFIG_COMMANDS = 
  $ ./config.status 

on 1404

config.status:844: creating Makefile
config.status:844: creating libffabi/src/ffabicfg.h

## ---------------- ##
## Cache variables. ##
## ---------------- ##

ac_cv_build=x86_64-unknown-linux-gnu
ac_cv_c_compiler_gnu=yes
ac_cv_cxx_compiler_gnu=yes
ac_cv_env_CCC_set=
ac_cv_env_CCC_value=
ac_cv_env_CC_set=
ac_cv_env_CC_value=
ac_cv_env_CFLAGS_set=
ac_cv_env_CFLAGS_value=
ac_cv_env_CPPFLAGS_set=
ac_cv_env_CPPFLAGS_value=
ac_cv_env_CPP_set=
ac_cv_env_CPP_value=
ac_cv_env_CXXFLAGS_set=
ac_cv_env_CXXFLAGS_value=
ac_cv_env_CXX_set=
ac_cv_env_CXX_value=
ac_cv_env_DESTDIR_set=
ac_cv_env_DESTDIR_value=
ac_cv_env_LDFLAGS_set=
ac_cv_env_LDFLAGS_value=
ac_cv_env_LIBS_set=
ac_cv_env_LIBS_value=
ac_cv_env_PKG_CONFIG_LIBDIR_set=
ac_cv_env_PKG_CONFIG_LIBDIR_value=
ac_cv_env_PKG_CONFIG_PATH_set=
ac_cv_env_PKG_CONFIG_PATH_value=
ac_cv_env_PKG_CONFIG_set=
ac_cv_env_PKG_CONFIG_value=
ac_cv_env_build_alias_set=
ac_cv_env_build_alias_value=
ac_cv_env_ffmpeg_CFLAGS_set=
ac_cv_env_ffmpeg_CFLAGS_value=
ac_cv_env_ffmpeg_LIBS_set=
ac_cv_env_ffmpeg_LIBS_value=
ac_cv_env_host_alias_set=
ac_cv_env_host_alias_value=
ac_cv_env_qt4_CFLAGS_set=
ac_cv_env_qt4_CFLAGS_value=
ac_cv_env_qt4_LIBS_set=
ac_cv_env_qt4_LIBS_value=
ac_cv_env_qt5_CFLAGS_set=
ac_cv_env_qt5_CFLAGS_value=
ac_cv_env_qt5_LIBS_set=
ac_cv_env_qt5_LIBS_value=
ac_cv_env_target_alias_set=
ac_cv_env_target_alias_value=
ac_cv_func_av_log_format_line=no
ac_cv_func_avcodec_encode_audio2=yes
ac_cv_have_decl_AV_CH_TOP_BACK_CENTER=yes
ac_cv_have_decl_AV_CODEC_ID_NONE=yes
ac_cv_have_decl_AV_SAMPLE_FMT_U8P=yes
ac_cv_have_decl_LIBAVCODEC_VERSION_MAJOR=yes
ac_cv_have_decl_av_frame_free=no
ac_cv_have_decl_av_frame_get_channels=no
ac_cv_have_decl_av_frame_get_sample_rate=no
ac_cv_have_decl_av_frame_set_channel_layout=no
ac_cv_have_decl_avcodec_free_frame=yes
ac_cv_header_expat_h=yes
ac_cv_header_inttypes_h=yes
ac_cv_header_memory_h=yes
ac_cv_header_openssl_opensslconf_h=yes
ac_cv_header_stdc=yes
ac_cv_header_stdint_h=yes
ac_cv_header_stdlib_h=yes
ac_cv_header_string_h=yes
ac_cv_header_strings_h=yes
ac_cv_header_sys_stat_h=yes
ac_cv_header_sys_types_h=yes
ac_cv_header_unistd_h=yes
ac_cv_header_zlib_h=yes
ac_cv_host=x86_64-unknown-linux-gnu
ac_cv_lib_crypto_AES_encrypt=yes
ac_cv_lib_expat_XML_ParserCreate=yes
ac_cv_lib_z_compress2=yes
ac_cv_member_AVCodecContext_refcounted_frames=no
ac_cv_member_AVCodecParserContext_duration=yes
ac_cv_member_AVFrame_nb_samples=yes
ac_cv_objext=o
ac_cv_path_EGREP='/bin/grep -E'
ac_cv_path_GREP=/bin/grep
ac_cv_path_ac_pt_PKG_CONFIG=/usr/bin/pkg-config
ac_cv_path_install='/usr/bin/install -c'
ac_cv_prog_CPP='gcc -E'
ac_cv_prog_ac_ct_CC=gcc
ac_cv_prog_ac_ct_CXX=g++
ac_cv_prog_ac_ct_LD=ld
ac_cv_prog_ac_ct_OBJCOPY=objcopy
ac_cv_prog_cc_c89=
ac_cv_prog_cc_g=yes
ac_cv_prog_cxx_g=yes
ac_cv_target=x86_64-unknown-linux-gnu
ac_cv_type_enum_AVCodecID=yes
pkg_cv_ffmpeg_CFLAGS=' '
pkg_cv_ffmpeg_LIBS='-lavcodec -lavutil  '
pkg_cv_qt4_CFLAGS='-DQT_SHARED -I/usr/include/qt4 -I/usr/include/qt4/QtCore -I/usr/include/qt4/QtGui -I/usr/include/qt4/QtDBus -I/usr/include/qt4/QtXml  '
pkg_cv_qt4_LIBS='-lQtGui -lQtDBus -lQtXml -lQtCore  '

## ----------------- ##
## Output variables. ##
## ----------------- ##

CC='gcc'
CFLAGS='-g -O2  '
CFLAGS_OPT='-g -O2'
CPP='gcc -E'
CPPFLAGS=''
CXX='g++'
CXXFLAGS='-g -O2'
DEFS='-DHAVE_CONFIG_H'
DESTDIR=''
ECHO_C=''
ECHO_N='-n'
ECHO_T=''
EGREP='/bin/grep -E'
ENABLE_GUI='yes'
EXEEXT=''
GREP='/bin/grep'
INSTALL_DATA='${INSTALL} -m 644'
INSTALL_PROGRAM='${INSTALL}'
INSTALL_SCRIPT='${INSTALL}'
LD='ld'
LDFLAGS=''
LIBOBJS=''
LIBS='-lexpat -lcrypto -lz  -lavcodec -lavutil   -lrt'
LTLIBOBJS=''
OBJCOPY='objcopy'
OBJEXT='o'
PACKAGE_BUGREPORT=''
PACKAGE_NAME='ffabi'
PACKAGE_STRING='ffabi 0'
PACKAGE_TARNAME='ffabi'
PACKAGE_URL=''
PACKAGE_VERSION='0'
PATH_SEPARATOR=':'
PKG_CONFIG='/usr/bin/pkg-config'
PKG_CONFIG_LIBDIR=''
PKG_CONFIG_PATH=''
QT_INC='-DQT_SHARED -I/usr/include/qt4 -I/usr/include/qt4/QtCore -I/usr/include/qt4/QtGui -I/usr/include/qt4/QtDBus -I/usr/include/qt4/QtXml  '
QT_LIB='-lQtGui -lQtDBus -lQtXml -lQtCore  '
QT_MOC='/usr/lib/x86_64-linux-gnu/qt4/bin/moc'
SHELL='/bin/bash'
ac_ct_CC='gcc'
ac_ct_CXX='g++'
bindir='${exec_prefix}/bin'
build='x86_64-unknown-linux-gnu'
build_alias=''
build_cpu='x86_64'
build_os='linux-gnu'
build_vendor='unknown'
datadir='${datarootdir}'
datarootdir='${prefix}/share'
docdir='${datarootdir}/doc/${PACKAGE_TARNAME}'
dvidir='${docdir}'
exec_prefix='${prefix}'
ffmpeg_CFLAGS=' '
ffmpeg_LIBS='-lavcodec -lavutil  '
host='x86_64-unknown-linux-gnu'
host_alias=''
host_cpu='x86_64'
host_os='linux-gnu'
host_vendor='unknown'
htmldir='${docdir}'
includedir='${prefix}/include'
infodir='${datarootdir}/info'
libdir='${exec_prefix}/lib'
libexecdir='${exec_prefix}/libexec'
localedir='${datarootdir}/locale'
localstatedir='${prefix}/var'
mandir='${datarootdir}/man'
oldincludedir='/usr/include'
pdfdir='${docdir}'
prefix='/usr'
program_transform_name='s,x,x,'
psdir='${docdir}'
qt4_CFLAGS='-DQT_SHARED -I/usr/include/qt4 -I/usr/include/qt4/QtCore -I/usr/include/qt4/QtGui -I/usr/include/qt4/QtDBus -I/usr/include/qt4/QtXml  '
qt4_LIBS='-lQtGui -lQtDBus -lQtXml -lQtCore  '
qt5_CFLAGS=''
qt5_LIBS=''
sbindir='${exec_prefix}/sbin'
sharedstatedir='${prefix}/com'
sysconfdir='${prefix}/etc'
target='x86_64-unknown-linux-gnu'
target_alias=''
target_cpu='x86_64'
target_os='linux-gnu'
target_vendor='unknown'

## ----------- ##
## confdefs.h. ##
## ----------- ##

/* confdefs.h */
#define PACKAGE_NAME "ffabi"
#define PACKAGE_TARNAME "ffabi"
#define PACKAGE_VERSION "0"
#define PACKAGE_STRING "ffabi 0"
#define PACKAGE_BUGREPORT ""
#define PACKAGE_URL ""
#define STDC_HEADERS 1
#define HAVE_SYS_TYPES_H 1
#define HAVE_SYS_STAT_H 1
#define HAVE_STDLIB_H 1
#define HAVE_STRING_H 1
#define HAVE_MEMORY_H 1
#define HAVE_STRINGS_H 1
#define HAVE_INTTYPES_H 1
#define HAVE_STDINT_H 1
#define HAVE_UNISTD_H 1
#define HAVE_ZLIB_H 1
#define HAVE_LIBZ 1
#define HAVE_OPENSSL_OPENSSLCONF_H 1
#define HAVE_LIBCRYPTO 1
#define HAVE_EXPAT_H 1
#define HAVE_LIBEXPAT 1
#define FFABI_HAVE_AVCODEC_FREE_FRAME 1
#define FFABI_HAVE_AVCODECID 1
#define FFABI_HAVE_AV_CODEC_ID_NAMES 1
#define FFABI_HAVE_PARSER_DURATION 1
#define FFABI_HAVE_AVUTIL_CHANNEL_LAYOUT_H 1

configure: exit 0
